adb-sync-git
adwaita-qt5
auto-cpufreq
boomaga
chromium-widevine
colorpicker
coursier
dafny-bin
deepin-screenshot
dunst-git
duplicati-latest
geogebra-5
ghcup-hs-bin
google-chrome
google-crc32c
gopreload-git
hfsprogs
i3lock-color
i3lock-fancy-git
jplag
kripton-theme-git
libblake3
libinput-gestures
light
lua-format
matlab
miniconda3
mongodb-bin
mongodb-compass
neo4j-community
neo4j-desktop
nerd-fonts-noto-sans-mono
notify-sharp-3
opera
opera-ffmpeg-codecs
pacaur
pharo-launcher
picom-jonaburg-git
postman-bin
python-spotdl
python-validity
python2
qdirstat-bin
r-diffobj
r-fs
r-pkgbuild
r-rematch2
r-rprojroot
r-tinytest
r-withr
rstudio-desktop-bin
scala3
siji
simple-mtpfs
simplescreenrecorder
slack-desktop
snapd
teams
tikzit
tlpui-git
ttf-symbola-free
udunits
ventoy-bin
visual-studio-code-bin
vmtouch
xcwd-git
xdg-ninja-git
xpub
yay-git
youtube-dl
ytop-bin
