abiword
acpi
acpid
adios2
adwaita-qt5
alacritty
alsa-utils
android-tools
apr
apr-util
arandr
assimp
autoconf
automake
awesome
base
bat
bear
beets
biber
bind
binutils
bison
bitwarden
blas
blosc
blueman
bluez
bluez-utils
boost
bottom
breeze-gtk
breeze-icons
cbatticon
cgns
cjson
clang
cli11
cmake
cmatrix
code
cppcheck
crypto++
cups
deepin-gtk-theme
deepin-screenshot
discord
dmenu
dosfstools
doxygen
dust
efibootmgr
eigen
entr
ethtool
evtest
exa
fakeroot
fasd
feh
figlet
flameshot
flann
flex
fltk
fontforge
fwupd
fzf
gcc
gdal
gdb
geos
gflags
gimp
git
gl2ps
glew
gnome-keyring
gnu-netcat
google-glog
gparted
gradle
grub
gtest
gvim
hddtemp
hdf5
hplip
htop
icon-naming-utils
id3v2
imagemagick
inetutils
inkscape
inotify-tools
intellij-idea-community-edition
intltool
ispc
jdk-openjdk
jre11-openjdk
laszip2
libaec
libdc1394
libdeflate
libfabric
libfprint
libfreexl
libgeotiff
libgnt
libharu
liblas
libmspack
libreoffice-still
librttopo
libspatialite
libvirt
libxcrypt-compat
light
lightdm
lightdm-webkit-theme-litarvan
lightdm-webkit2-greeter
linux
linux-firmware
llvm
log4cplus
lsof
lua-language-server
luarocks
luit
lxappearance-gtk3
lxsession
m4
make
mariadb
materia-gtk-theme
mesa-utils
mlocate
mpc
mpv
mtools
mupdf
nautilus
ncdu
neofetch
neovim
netcdf
network-manager-applet
networkmanager
nitrogen
nodejs
notify-sharp-3
noto-fonts
nvidia-cg-toolkit
obs-studio
openal
opencv
opendoas
openimagedenoise
openresolv
openvdb
openvkl
openvr
opera
opera-ffmpeg-codecs
os-prober
ospray
pacman-contrib
pamixer
papirus-icon-theme
patch
pavucontrol
pdal
pdfgrep
pdfjs
pdftk
pdftricks
perl-file-homedir
perl-log-log4perl
perl-unicode-linebreak
perl-xml-parser
perl-xml-sax-expat
perl-xml-simple
perl-yaml-tiny
pkgconf
playerctl
poco
polybar
powertop
proj
pugixml
pulseaudio
pulseaudio-bluetooth
pybind11
pyqt-builder
python-adblock
python-argparse
python-bcrypt
python-contourpy
python-cycler
python-dateutil
python-defusedxml
python-empy
python-fonttools
python-gnupg
python-kiwisolver
python-matplotlib
python-mpi4py
python-netifaces
python-nose
python-opengl
python-paramiko
python-pip
python-pyaml
python-pydot
python-pynacl
python-pynvim
python-pyparsing
python-pytz
python-pywal
python-tldextract
python-wxpython
qhull
qt5-connectivity
qt5-multimedia
qt5-quick3d
qt5-remoteobjects
qt5-serialport
qt5-speech
qt5-websockets
qt5ct
qutebrowser
qwt
ranger
ripgrep
rkcommon
rofi
rofi-calc
rubber
ruby-kramdown
ruby-mini_portile2
ruby-mustache
ruby-nokogiri
ruby-rdiscount
ruby-ronn-ng
sassc
sbcl
scribus
scrot
simple-scan
solr
speedtest-cli
spirv-llvm-translator
sshfs
stow
sudo
swig
syncthing
system-config-printer
sz
texinfo
texlab
texlive-basic
texlive-bibtexextra
texlive-binextra
texlive-fontsextra
texlive-formatsextra
texlive-games
texlive-humanities
texlive-latexextra
texlive-mathscience
texlive-music
texlive-pictures
texlive-pstricks
texlive-publishers
the_silver_searcher
thunar
thunderbird
tidy
tinyxml
tinyxml2
tlp
tmux
tree
ttf-bitstream-vera
ttf-dejavu
ttf-fira-code
ttf-inconsolata
ttf-iosevka-nerd
ttf-joypixels
ttf-liberation
ttf-nerd-fonts-symbols
ttf-roboto
tumbler
ueberzug
unclutter
unrar
unzip
utf8cpp
vagrant
valgrind
vi
virtualbox
vivaldi
vivaldi-ffmpeg-codecs
vlc
vtk
wget
wireguard-tools
wmctrl
wxwidgets-common
wxwidgets-gtk3
xcape
xclip
xdotool
xf86-input-wacom
xf86-video-vesa
xorg-bdftopcf
xorg-docs
xorg-font-util
xorg-fonts-100dpi
xorg-fonts-75dpi
xorg-fonts-encodings
xorg-iceauth
xorg-mkfontscale
xorg-server
xorg-server-common
xorg-server-devel
xorg-server-xephyr
xorg-server-xnest
xorg-server-xvfb
xorg-sessreg
xorg-setxkbmap
xorg-smproxy
xorg-x11perf
xorg-xauth
xorg-xbacklight
xorg-xclipboard
xorg-xcmsdb
xorg-xcursorgen
xorg-xdpyinfo
xorg-xdriinfo
xorg-xev
xorg-xgamma
xorg-xhost
xorg-xinput
xorg-xkbcomp
xorg-xkbevd
xorg-xkbutils
xorg-xkill
xorg-xlsatoms
xorg-xlsclients
xorg-xmodmap
xorg-xpr
xorg-xrandr
xorg-xrdb
xorg-xrefresh
xorg-xsetroot
xorg-xvinfo
xorg-xwayland
xorg-xwd
xorg-xwininfo
xorg-xwud
xournalpp
xprintidle
xterm
yaml-cpp
youtube-dl
zathura
zathura-pdf-mupdf
zfp
zip
zsh
