adb-sync-git
adwaita-qt5
auto-cpufreq
boomaga
chromium-widevine
colorpicker
coursier
dafny-bin
deepin-screenshot
dunst-git
duplicati-latest
ghcup-hs-bin
google-chrome
gopreload-git
hfsprogs
i3lock-color
jplag
kripton-theme-git
libinput-gestures
light
ltunify
lua-format
mininet-git
neofetch
nerd-fonts-noto-sans-mono
notify-sharp-3
opensta-git
pacaur
picom-git
python-validity
python2
python37
python38
qdirstat-bin
rstudio-desktop-bin
siji
simple-mtpfs
simplescreenrecorder
slack-desktop
teams
tikzit
tlpui-git
ttf-joypixels
ttf-symbola-free
udunits
vagrant
ventoy-bin
visual-studio-code-bin
vmtouch
xcwd-git
xdg-ninja-git
xpub
yay-bin
youtube-dl
ytop-bin
