alacritty
base
base-devel
bat
biber
breeze
btop
btrfs-progs
cups
darkman
discord
dkms
docker
dolphin
efibootmgr
entr
eza
fastfetch
feh
firefox
freerdp
gimp
git
gnome-themes-extra
go
greetd
greetd-regreet
grim
hplip
htop
hypridle
hyprland
hyprlock
hyprpolkitagent
hyprshot
imagemagick
inetutils
intel-ucode
intellij-idea-community-edition
interception-caps2esc
iwd
kitty
kvantum
less
libadwaita
libnotify
libreoffice-fresh
libva-nvidia-driver
libyaml
linux
linux-headers
lua
luarocks
man-db
man-pages
nano
nbtscan
ncdu
neovim
noto-fonts-emoji
npm
ntfs-3g
nwg-displays
nwg-look
obs-studio
opendoas
openjdk17-src
openjdk8-src
openssh
os-prober
otf-codenewroman-nerd
pacman-contrib
papirus-icon-theme
pavucontrol
perl-file-homedir
perl-yaml-tiny
polkit-kde-agent
pulseaudio
python-dbus
python-fastapi
python-hatchling
python-mutagen
python-pip
python-pydantic
python-pykakasi
python-pyqt5
python-pytube
python-rich
python-slugify
python-ytmusicapi
qt5-wayland
qt5ct
qt6-wayland
qt6ct
remmina
rhythmbox
rsync
sane
sddm
simple-scan
slurp
smartmontools
stow
swaync
swww
syncthing
texlive-bibtexextra
texlive-binextra
texlive-fontsextra
texlive-fontsrecommended
texlive-latexextra
thunar
tmux
tree
ttf-dejavu-nerd
ttf-meslo-nerd
tumbler
unzip
uvicorn
valgrind
vim
vivaldi
vivaldi-ffmpeg-codecs
waybar
wev
wget
wireless_tools
wireplumber
wl-clipboard
woff2-font-awesome
wofi
wpa_supplicant
xcape
xdg-desktop-portal-hyprland
xdg-utils
xorg-server
xorg-xinit
xterm
yarn
ydotool
yt-dlp
zathura
zathura-pdf-mupdf
zram-generator
zsh
zsh-autocomplete
zsh-autosuggestions
zsh-completions
zsh-syntax-highlighting
